

Started GET "/" for ::1 at 2017-10-29 12:15:14 -0700

ActiveRecord::PendingMigrationError (

Migrations are pending. To resolve this issue, run:

	bin/rake db:migrate RAILS_ENV=development

):
  activerecord (4.2.8) lib/active_record/migration.rb:392:in `check_pending!'
  activerecord (4.2.8) lib/active_record/migration.rb:373:in `call'
  actionpack (4.2.8) lib/action_dispatch/middleware/callbacks.rb:29:in `block in call'
  activesupport (4.2.8) lib/active_support/callbacks.rb:88:in `__run_callbacks__'
  activesupport (4.2.8) lib/active_support/callbacks.rb:778:in `_run_call_callbacks'
  activesupport (4.2.8) lib/active_support/callbacks.rb:81:in `run_callbacks'
  actionpack (4.2.8) lib/action_dispatch/middleware/callbacks.rb:27:in `call'
  actionpack (4.2.8) lib/action_dispatch/middleware/reloader.rb:73:in `call'
  actionpack (4.2.8) lib/action_dispatch/middleware/remote_ip.rb:78:in `call'
  actionpack (4.2.8) lib/action_dispatch/middleware/debug_exceptions.rb:17:in `call'
  web-console (2.3.0) lib/web_console/middleware.rb:28:in `block in call'
  web-console (2.3.0) lib/web_console/middleware.rb:18:in `catch'
  web-console (2.3.0) lib/web_console/middleware.rb:18:in `call'
  actionpack (4.2.8) lib/action_dispatch/middleware/show_exceptions.rb:30:in `call'
  railties (4.2.8) lib/rails/rack/logger.rb:38:in `call_app'
  railties (4.2.8) lib/rails/rack/logger.rb:20:in `block in call'
  activesupport (4.2.8) lib/active_support/tagged_logging.rb:68:in `block in tagged'
  activesupport (4.2.8) lib/active_support/tagged_logging.rb:26:in `tagged'
  activesupport (4.2.8) lib/active_support/tagged_logging.rb:68:in `tagged'
  railties (4.2.8) lib/rails/rack/logger.rb:20:in `call'
  actionpack (4.2.8) lib/action_dispatch/middleware/request_id.rb:21:in `call'
  rack (1.6.8) lib/rack/methodoverride.rb:22:in `call'
  rack (1.6.8) lib/rack/runtime.rb:18:in `call'
  activesupport (4.2.8) lib/active_support/cache/strategy/local_cache_middleware.rb:28:in `call'
  rack (1.6.8) lib/rack/lock.rb:17:in `call'
  actionpack (4.2.8) lib/action_dispatch/middleware/static.rb:120:in `call'
  rack (1.6.8) lib/rack/sendfile.rb:113:in `call'
  railties (4.2.8) lib/rails/engine.rb:518:in `call'
  railties (4.2.8) lib/rails/application.rb:165:in `call'
  rack (1.6.8) lib/rack/lock.rb:17:in `call'
  rack (1.6.8) lib/rack/content_length.rb:15:in `call'
  rack (1.6.8) lib/rack/handler/webrick.rb:88:in `service'
  /Users/angelinasisixia1/.rbenv/versions/2.4.1/lib/ruby/2.4.0/webrick/httpserver.rb:140:in `service'
  /Users/angelinasisixia1/.rbenv/versions/2.4.1/lib/ruby/2.4.0/webrick/httpserver.rb:96:in `run'
  /Users/angelinasisixia1/.rbenv/versions/2.4.1/lib/ruby/2.4.0/webrick/server.rb:290:in `block in start_thread'


  Rendered /Users/angelinasisixia1/.rbenv/versions/2.4.1/lib/ruby/gems/2.4.0/gems/actionpack-4.2.8/lib/action_dispatch/middleware/templates/rescues/_source.erb (3.3ms)
  Rendered /Users/angelinasisixia1/.rbenv/versions/2.4.1/lib/ruby/gems/2.4.0/gems/actionpack-4.2.8/lib/action_dispatch/middleware/templates/rescues/_trace.html.erb (1.2ms)
  Rendered /Users/angelinasisixia1/.rbenv/versions/2.4.1/lib/ruby/gems/2.4.0/gems/actionpack-4.2.8/lib/action_dispatch/middleware/templates/rescues/_request_and_response.html.erb (2.2ms)
  Rendered /Users/angelinasisixia1/.rbenv/versions/2.4.1/lib/ruby/gems/2.4.0/gems/actionpack-4.2.8/lib/action_dispatch/middleware/templates/rescues/diagnostics.html.erb within rescues/layout (60.6ms)
  Rendered /Users/angelinasisixia1/.rbenv/versions/2.4.1/lib/ruby/gems/2.4.0/gems/web-console-2.3.0/lib/web_console/templates/_markup.html.erb (0.4ms)
  Rendered /Users/angelinasisixia1/.rbenv/versions/2.4.1/lib/ruby/gems/2.4.0/gems/web-console-2.3.0/lib/web_console/templates/_inner_console_markup.html.erb within layouts/inlined_string (0.4ms)
  Rendered /Users/angelinasisixia1/.rbenv/versions/2.4.1/lib/ruby/gems/2.4.0/gems/web-console-2.3.0/lib/web_console/templates/_prompt_box_markup.html.erb within layouts/inlined_string (0.3ms)
  Rendered /Users/angelinasisixia1/.rbenv/versions/2.4.1/lib/ruby/gems/2.4.0/gems/web-console-2.3.0/lib/web_console/templates/style.css.erb within layouts/inlined_string (0.3ms)
  Rendered /Users/angelinasisixia1/.rbenv/versions/2.4.1/lib/ruby/gems/2.4.0/gems/web-console-2.3.0/lib/web_console/templates/console.js.erb within layouts/javascript (62.5ms)
  Rendered /Users/angelinasisixia1/.rbenv/versions/2.4.1/lib/ruby/gems/2.4.0/gems/web-console-2.3.0/lib/web_console/templates/main.js.erb within layouts/javascript (0.4ms)
  Rendered /Users/angelinasisixia1/.rbenv/versions/2.4.1/lib/ruby/gems/2.4.0/gems/web-console-2.3.0/lib/web_console/templates/error_page.js.erb within layouts/javascript (0.7ms)
  Rendered /Users/angelinasisixia1/.rbenv/versions/2.4.1/lib/ruby/gems/2.4.0/gems/web-console-2.3.0/lib/web_console/templates/index.html.erb (137.1ms)
  [1m[36m (26.7ms)[0m  [1mCREATE TABLE "schema_migrations" ("version" character varying NOT NULL) [0m
  [1m[35m (1.8ms)[0m  CREATE UNIQUE INDEX  "unique_schema_migrations" ON "schema_migrations"  ("version")
  [1m[36mActiveRecord::SchemaMigration Load (0.3ms)[0m  [1mSELECT "schema_migrations".* FROM "schema_migrations"[0m
Migrating to CreateUsers (20171023130843)
  [1m[35m (0.1ms)[0m  BEGIN
  [1m[36m (40.1ms)[0m  [1mCREATE TABLE "users" ("id" serial primary key, "username" character varying, "password_digest" character varying, "email" character varying, "created_at" timestamp NOT NULL, "updated_at" timestamp NOT NULL) [0m
  [1m[35mSQL (6.2ms)[0m  INSERT INTO "schema_migrations" ("version") VALUES ($1)  [["version", "20171023130843"]]
  [1m[36m (5.9ms)[0m  [1mCOMMIT[0m
  [1m[35mActiveRecord::SchemaMigration Load (6.6ms)[0m  SELECT "schema_migrations".* FROM "schema_migrations"
  [1m[36m (11.7ms)[0m  [1mSELECT t2.oid::regclass::text AS to_table, a1.attname AS column, a2.attname AS primary_key, c.conname AS name, c.confupdtype AS on_update, c.confdeltype AS on_delete
FROM pg_constraint c
JOIN pg_class t1 ON c.conrelid = t1.oid
JOIN pg_class t2 ON c.confrelid = t2.oid
JOIN pg_attribute a1 ON a1.attnum = c.conkey[1] AND a1.attrelid = t1.oid
JOIN pg_attribute a2 ON a2.attnum = c.confkey[1] AND a2.attrelid = t2.oid
JOIN pg_namespace t3 ON c.connamespace = t3.oid
WHERE c.contype = 'f'
  AND t1.relname = 'users'
  AND t3.nspname = ANY (current_schemas(false))
ORDER BY c.conname
[0m


Started GET "/" for ::1 at 2017-10-29 12:16:06 -0700
  [1m[36mActiveRecord::SchemaMigration Load (0.3ms)[0m  [1mSELECT "schema_migrations".* FROM "schema_migrations"[0m
Processing by DummyController#home as HTML
Redirected to http://localhost:3000/login
Filter chain halted as :ensure_login rendered or redirected
Completed 302 Found in 9ms (ActiveRecord: 0.0ms)


Started GET "/login" for ::1 at 2017-10-29 12:16:07 -0700
Processing by SessionsController#new as HTML
  Rendered sessions/new.html.erb within layouts/application (16.0ms)
Completed 200 OK in 450ms (Views: 449.6ms | ActiveRecord: 0.0ms)


Started GET "/assets/scaffolds.self-122f8ea5d169973222c540ae0c1d12fa6cc385e057f88465ed561348b45e0c09.css?body=1" for ::1 at 2017-10-29 12:16:07 -0700


Started GET "/assets/users.self-e3b0c44298fc1c149afbf4c8996fb92427ae41e4649b934ca495991b7852b855.css?body=1" for ::1 at 2017-10-29 12:16:07 -0700


Started GET "/assets/application.self-21ef7e6c9ab167fc6a93a49d0e74699c43117e2e65efbfda5f128cd3c7c490c2.css?body=1" for ::1 at 2017-10-29 12:16:07 -0700


Started GET "/assets/jquery.self-bd7ddd393353a8d2480a622e80342adf488fb6006d667e8b42e4c0073393abee.js?body=1" for ::1 at 2017-10-29 12:16:07 -0700


Started GET "/assets/turbolinks.self-1d1fddf91adc38ac2045c51f0a3e05ca97d07d24d15a4dcbf705009106489e69.js?body=1" for ::1 at 2017-10-29 12:16:07 -0700


Started GET "/assets/jquery_ujs.self-784a997f6726036b1993eb2217c9cb558e1cbb801c6da88105588c56f13b466a.js?body=1" for ::1 at 2017-10-29 12:16:07 -0700


Started GET "/assets/users.self-877aef30ae1b040ab8a3aba4e3e309a11d7f2612f44dde450b5c157aa5f95c05.js?body=1" for ::1 at 2017-10-29 12:16:07 -0700


Started GET "/assets/application.self-3b8dabdc891efe46b9a144b400ad69e37d7e5876bdc39dee783419a69d7ca819.js?body=1" for ::1 at 2017-10-29 12:16:07 -0700


Started GET "/users/new" for ::1 at 2017-10-29 12:16:14 -0700
Processing by UsersController#new as HTML
  Rendered users/_form.html.erb (14.8ms)
  Rendered users/new.html.erb within layouts/application (20.2ms)
Completed 200 OK in 60ms (Views: 44.8ms | ActiveRecord: 2.3ms)


Started POST "/users" for ::1 at 2017-10-29 12:16:27 -0700
Processing by UsersController#create as HTML
  Parameters: {"utf8"=>"✓", "authenticity_token"=>"FY3kVBNk88sKBviZBxwQq9XsmkskpHwgEVpZy5R8e0AWgTZ3EursNeNxZqG4kMXBFNiRlD/+xjPmaianA2aFyw==", "user"=>{"username"=>"jon", "email"=>"nothing@knows.ca", "password"=>"[FILTERED]"}, "commit"=>"Create User"}
  [1m[35m (0.1ms)[0m  BEGIN
  [1m[36mUser Exists (2.2ms)[0m  [1mSELECT  1 AS one FROM "users" WHERE "users"."username" = 'jon' LIMIT 1[0m
  [1m[35mUser Exists (0.2ms)[0m  SELECT  1 AS one FROM "users" WHERE "users"."email" = 'nothing@knows.ca' LIMIT 1
  [1m[36mSQL (6.8ms)[0m  [1mINSERT INTO "users" ("username", "email", "password_digest", "created_at", "updated_at") VALUES ($1, $2, $3, $4, $5) RETURNING "id"[0m  [["username", "jon"], ["email", "nothing@knows.ca"], ["password_digest", "$2a$10$Hy2zLqJC4dwMgIS/KAevp.P4GNo2kjfwe5i1fyo3wG5jxrruqcOAa"], ["created_at", "2017-10-29 19:16:27.362603"], ["updated_at", "2017-10-29 19:16:27.362603"]]
  [1m[35m (6.4ms)[0m  COMMIT
Redirected to http://localhost:3000/users/1
Completed 302 Found in 121ms (ActiveRecord: 15.7ms)


Started GET "/users/1" for ::1 at 2017-10-29 12:16:27 -0700
Processing by UsersController#show as HTML
  Parameters: {"id"=>"1"}
Redirected to http://localhost:3000/login
Filter chain halted as :ensure_login rendered or redirected
Completed 302 Found in 1ms (ActiveRecord: 0.0ms)


Started GET "/login" for ::1 at 2017-10-29 12:16:27 -0700
Processing by SessionsController#new as HTML
  Rendered sessions/new.html.erb within layouts/application (1.8ms)
Completed 200 OK in 33ms (Views: 32.6ms | ActiveRecord: 0.0ms)


Started GET "/users/new" for ::1 at 2017-10-29 12:17:09 -0700
Processing by UsersController#new as HTML
  Rendered users/_form.html.erb (1.2ms)
  Rendered users/new.html.erb within layouts/application (2.2ms)
Completed 200 OK in 13ms (Views: 12.6ms | ActiveRecord: 0.0ms)


Started POST "/users" for ::1 at 2017-10-29 12:17:21 -0700
Processing by UsersController#create as HTML
  Parameters: {"utf8"=>"✓", "authenticity_token"=>"whootKBCJ3YHI8N83zlCJTOYd8nBDyygSaL0ThX0FifBFvqXocw4iO5UXURgtZdP8qx8FtpVlrO+kosigu7orA==", "user"=>{"username"=>"jon", "email"=>"nothing@knows.ca", "password"=>"[FILTERED]"}, "commit"=>"Create User"}
  [1m[36m (0.1ms)[0m  [1mBEGIN[0m
  [1m[35mUser Exists (0.5ms)[0m  SELECT  1 AS one FROM "users" WHERE "users"."username" = 'jon' LIMIT 1
  [1m[36mUser Exists (0.4ms)[0m  [1mSELECT  1 AS one FROM "users" WHERE "users"."email" = 'nothing@knows.ca' LIMIT 1[0m
  [1m[35m (0.1ms)[0m  ROLLBACK
  Rendered users/_form.html.erb (1.5ms)
  Rendered users/new.html.erb within layouts/application (2.4ms)
Completed 200 OK in 84ms (Views: 12.1ms | ActiveRecord: 1.1ms)


Started GET "/users" for ::1 at 2017-10-29 12:17:26 -0700
Processing by UsersController#index as HTML
Redirected to http://localhost:3000/login
Filter chain halted as :ensure_login rendered or redirected
Completed 302 Found in 1ms (ActiveRecord: 0.0ms)


Started GET "/login" for ::1 at 2017-10-29 12:17:26 -0700
Processing by SessionsController#new as HTML
  Rendered sessions/new.html.erb within layouts/application (0.7ms)
Completed 200 OK in 15ms (Views: 14.8ms | ActiveRecord: 0.0ms)


Started GET "/login" for ::1 at 2017-10-29 12:23:16 -0700
  [1m[36mActiveRecord::SchemaMigration Load (0.3ms)[0m  [1mSELECT "schema_migrations".* FROM "schema_migrations"[0m
Processing by SessionsController#new as HTML
  Rendered sessions/new.html.erb within layouts/application (11.3ms)
Completed 200 OK in 199ms (Views: 191.6ms | ActiveRecord: 0.0ms)


Started GET "/assets/scaffolds.self-122f8ea5d169973222c540ae0c1d12fa6cc385e057f88465ed561348b45e0c09.css?body=1" for ::1 at 2017-10-29 12:23:17 -0700


Started GET "/assets/users.self-e3b0c44298fc1c149afbf4c8996fb92427ae41e4649b934ca495991b7852b855.css?body=1" for ::1 at 2017-10-29 12:23:17 -0700


Started GET "/assets/application.self-21ef7e6c9ab167fc6a93a49d0e74699c43117e2e65efbfda5f128cd3c7c490c2.css?body=1" for ::1 at 2017-10-29 12:23:17 -0700


Started GET "/assets/jquery.self-bd7ddd393353a8d2480a622e80342adf488fb6006d667e8b42e4c0073393abee.js?body=1" for ::1 at 2017-10-29 12:23:17 -0700


Started GET "/assets/jquery_ujs.self-784a997f6726036b1993eb2217c9cb558e1cbb801c6da88105588c56f13b466a.js?body=1" for ::1 at 2017-10-29 12:23:17 -0700


Started GET "/assets/turbolinks.self-1d1fddf91adc38ac2045c51f0a3e05ca97d07d24d15a4dcbf705009106489e69.js?body=1" for ::1 at 2017-10-29 12:23:17 -0700


Started GET "/assets/users.self-877aef30ae1b040ab8a3aba4e3e309a11d7f2612f44dde450b5c157aa5f95c05.js?body=1" for ::1 at 2017-10-29 12:23:17 -0700


Started GET "/assets/application.self-3b8dabdc891efe46b9a144b400ad69e37d7e5876bdc39dee783419a69d7ca819.js?body=1" for ::1 at 2017-10-29 12:23:17 -0700


Started GET "/users/new" for ::1 at 2017-10-29 12:23:32 -0700
Processing by UsersController#new as HTML
  Rendered users/_form.html.erb (3.2ms)
  Rendered users/new.html.erb within layouts/application (6.7ms)
Completed 200 OK in 27ms (Views: 18.6ms | ActiveRecord: 2.7ms)


Started GET "/users" for ::1 at 2017-10-29 12:23:33 -0700
Processing by UsersController#index as HTML
Redirected to http://localhost:3000/login
Filter chain halted as :ensure_login rendered or redirected
Completed 302 Found in 1ms (ActiveRecord: 0.0ms)


Started GET "/login" for ::1 at 2017-10-29 12:23:33 -0700
Processing by SessionsController#new as HTML
  Rendered sessions/new.html.erb within layouts/application (0.7ms)
Completed 200 OK in 16ms (Views: 15.9ms | ActiveRecord: 0.0ms)


Started POST "/sessions" for ::1 at 2017-10-29 12:23:34 -0700
Processing by SessionsController#create as HTML
  Parameters: {"utf8"=>"✓", "authenticity_token"=>"jOOFtvlPJ6JNw/zd2LBWI0+wvDSpGj1EDUyKSYBeIc2P71eV+ME4XKS0YuVnPINJjoS367JAh1f6fPUlF0TfRg==", "user"=>{"username"=>"", "password"=>"[FILTERED]"}, "commit"=>"Login"}
  [1m[35mUser Load (0.2ms)[0m  SELECT  "users".* FROM "users" WHERE "users"."username" = $1 LIMIT 1  [["username", ""]]
Redirected to http://localhost:3000/login
Completed 302 Found in 7ms (ActiveRecord: 0.4ms)


Started GET "/login" for ::1 at 2017-10-29 12:23:34 -0700
Processing by SessionsController#new as HTML
  Rendered sessions/new.html.erb within layouts/application (1.0ms)
Completed 200 OK in 17ms (Views: 16.7ms | ActiveRecord: 0.0ms)


Started GET "/users/new" for ::1 at 2017-10-29 12:23:36 -0700
Processing by UsersController#new as HTML
  Rendered users/_form.html.erb (1.2ms)
  Rendered users/new.html.erb within layouts/application (2.1ms)
Completed 200 OK in 13ms (Views: 12.6ms | ActiveRecord: 0.0ms)


Started POST "/users" for ::1 at 2017-10-29 12:23:39 -0700
Processing by UsersController#create as HTML
  Parameters: {"utf8"=>"✓", "authenticity_token"=>"N+FoCIfgW3ybj2IoS+k6UO8hdC2utwO3nBLo/EC1PB407borhm5EgnL4/BD0Ze86LhV/8rXtuaRrIpeQ16/ClQ==", "user"=>{"username"=>"", "email"=>"", "password"=>"[FILTERED]"}, "commit"=>"Create User"}
  [1m[36m (0.1ms)[0m  [1mBEGIN[0m
  [1m[35mUser Exists (0.3ms)[0m  SELECT  1 AS one FROM "users" WHERE "users"."username" = '' LIMIT 1
  [1m[36mUser Exists (0.2ms)[0m  [1mSELECT  1 AS one FROM "users" WHERE "users"."email" = '' LIMIT 1[0m
  [1m[35m (0.1ms)[0m  ROLLBACK
  Rendered users/_form.html.erb (1.9ms)
  Rendered users/new.html.erb within layouts/application (2.8ms)
Completed 200 OK in 22ms (Views: 14.0ms | ActiveRecord: 0.7ms)


Started GET "/users" for ::1 at 2017-10-29 12:23:50 -0700
Processing by UsersController#index as HTML
Redirected to http://localhost:3000/login
Filter chain halted as :ensure_login rendered or redirected
Completed 302 Found in 1ms (ActiveRecord: 0.0ms)


Started GET "/login" for ::1 at 2017-10-29 12:23:50 -0700
Processing by SessionsController#new as HTML
  Rendered sessions/new.html.erb within layouts/application (1.0ms)
Completed 200 OK in 12ms (Views: 11.3ms | ActiveRecord: 0.0ms)


Started GET "/users/new" for ::1 at 2017-10-29 12:23:51 -0700
Processing by UsersController#new as HTML
  Rendered users/_form.html.erb (1.1ms)
  Rendered users/new.html.erb within layouts/application (2.1ms)
Completed 200 OK in 13ms (Views: 12.7ms | ActiveRecord: 0.0ms)


Started POST "/users" for ::1 at 2017-10-29 12:23:59 -0700
Processing by UsersController#create as HTML
  Parameters: {"utf8"=>"✓", "authenticity_token"=>"e90wZ3c9ibPNbjYyODCw2kHTgVIbJZeQNLbQ7NVmvRd40eJEdrOWTSQZqAqHvGWwgOeKjQB/LYPDhq+AQnxDnA==", "user"=>{"username"=>"jon", "email"=>"1234", "password"=>"[FILTERED]"}, "commit"=>"Create User"}
  [1m[36m (0.2ms)[0m  [1mBEGIN[0m
  [1m[35mUser Exists (0.2ms)[0m  SELECT  1 AS one FROM "users" WHERE "users"."username" = 'jon' LIMIT 1
  [1m[36mUser Exists (0.2ms)[0m  [1mSELECT  1 AS one FROM "users" WHERE "users"."email" = '1234' LIMIT 1[0m
  [1m[35m (0.1ms)[0m  ROLLBACK
  Rendered users/_form.html.erb (2.2ms)
  Rendered users/new.html.erb within layouts/application (3.3ms)
Completed 200 OK in 91ms (Views: 13.4ms | ActiveRecord: 0.7ms)


Started GET "/users" for ::1 at 2017-10-29 12:24:04 -0700
Processing by UsersController#index as HTML
Redirected to http://localhost:3000/login
Filter chain halted as :ensure_login rendered or redirected
Completed 302 Found in 0ms (ActiveRecord: 0.0ms)


Started GET "/login" for ::1 at 2017-10-29 12:24:04 -0700
Processing by SessionsController#new as HTML
  Rendered sessions/new.html.erb within layouts/application (0.7ms)
Completed 200 OK in 12ms (Views: 11.2ms | ActiveRecord: 0.0ms)


Started GET "/users/new" for ::1 at 2017-10-29 12:29:46 -0700
  [1m[36mActiveRecord::SchemaMigration Load (0.3ms)[0m  [1mSELECT "schema_migrations".* FROM "schema_migrations"[0m
Processing by UsersController#new as HTML
  Rendered users/_form.html.erb (10.8ms)
  Rendered users/new.html.erb within layouts/application (14.1ms)
Completed 200 OK in 197ms (Views: 182.0ms | ActiveRecord: 2.0ms)


Started POST "/users" for ::1 at 2017-10-29 12:29:54 -0700
Processing by UsersController#create as HTML
  Parameters: {"utf8"=>"✓", "authenticity_token"=>"OrL2m1gpB8IhsUWPzShL5+eh/D35QG43bNkdGvnXiO85viS4WacYPMjG27dypJ6NJpX34uIa1CSb6WJ2bs12ZA==", "user"=>{"username"=>"angelina", "email"=>"angelina", "password"=>"[FILTERED]"}, "commit"=>"Create User"}
  [1m[35m (0.1ms)[0m  BEGIN
  [1m[36mUser Exists (0.5ms)[0m  [1mSELECT  1 AS one FROM "users" WHERE "users"."username" = 'angelina' LIMIT 1[0m
  [1m[35mUser Exists (0.2ms)[0m  SELECT  1 AS one FROM "users" WHERE "users"."email" = 'angelina' LIMIT 1
  [1m[36m (0.1ms)[0m  [1mROLLBACK[0m
  Rendered users/_form.html.erb (1.9ms)
  Rendered users/new.html.erb within layouts/application (2.9ms)
Completed 200 OK in 95ms (Views: 13.3ms | ActiveRecord: 0.9ms)


Started GET "/users" for ::1 at 2017-10-29 12:30:04 -0700
Processing by UsersController#index as HTML
Redirected to http://localhost:3000/login
Filter chain halted as :ensure_login rendered or redirected
Completed 302 Found in 1ms (ActiveRecord: 0.0ms)


Started GET "/login" for ::1 at 2017-10-29 12:30:04 -0700
Processing by SessionsController#new as HTML
  Rendered sessions/new.html.erb within layouts/application (1.4ms)
Completed 200 OK in 15ms (Views: 15.0ms | ActiveRecord: 0.0ms)


Started GET "/users/new" for ::1 at 2017-10-29 12:30:14 -0700
Processing by UsersController#new as HTML
  Rendered users/_form.html.erb (1.3ms)
  Rendered users/new.html.erb within layouts/application (2.2ms)
Completed 200 OK in 14ms (Views: 13.8ms | ActiveRecord: 0.0ms)


Started POST "/users" for ::1 at 2017-10-29 12:30:21 -0700
Processing by UsersController#create as HTML
  Parameters: {"utf8"=>"✓", "authenticity_token"=>"JqYviob/8Og6xC3BwxGFTfAMT6jIxXgbPJjkrdRWVjclqv2ph3HvFtOzs/l8nVAnMThEd9OfwgjLqJvBQ0yovA==", "user"=>{"username"=>"angelina", "email"=>"angelina@angelina.angelina", "password"=>"[FILTERED]"}, "commit"=>"Create User"}
  [1m[35m (0.1ms)[0m  BEGIN
  [1m[36mUser Exists (0.3ms)[0m  [1mSELECT  1 AS one FROM "users" WHERE "users"."username" = 'angelina' LIMIT 1[0m
  [1m[35mUser Exists (0.2ms)[0m  SELECT  1 AS one FROM "users" WHERE "users"."email" = 'angelina@angelina.angelina' LIMIT 1
  [1m[36mSQL (0.3ms)[0m  [1mINSERT INTO "users" ("username", "email", "password_digest", "created_at", "updated_at") VALUES ($1, $2, $3, $4, $5) RETURNING "id"[0m  [["username", "angelina"], ["email", "angelina@angelina.angelina"], ["password_digest", "$2a$10$sDTxWx6sjCT5AEwf2TJ5tuV1jA1r4v0FFFzxp/6XBQOgnx8B..LIq"], ["created_at", "2017-10-29 19:30:21.925741"], ["updated_at", "2017-10-29 19:30:21.925741"]]
  [1m[35m (0.4ms)[0m  COMMIT
Redirected to http://localhost:3000/users/2
Completed 302 Found in 74ms (ActiveRecord: 1.6ms)


Started GET "/users/2" for ::1 at 2017-10-29 12:30:21 -0700
Processing by UsersController#show as HTML
  Parameters: {"id"=>"2"}
Redirected to http://localhost:3000/login
Filter chain halted as :ensure_login rendered or redirected
Completed 302 Found in 1ms (ActiveRecord: 0.0ms)


Started GET "/login" for ::1 at 2017-10-29 12:30:21 -0700
Processing by SessionsController#new as HTML
  Rendered sessions/new.html.erb within layouts/application (1.0ms)
Completed 200 OK in 21ms (Views: 20.0ms | ActiveRecord: 0.0ms)


Started GET "/" for ::1 at 2017-10-29 13:02:12 -0700
  [1m[36mActiveRecord::SchemaMigration Load (0.4ms)[0m  [1mSELECT "schema_migrations".* FROM "schema_migrations"[0m
Processing by DummyController#home as HTML
Redirected to http://localhost:3000/login
Filter chain halted as :ensure_login rendered or redirected
Completed 302 Found in 9ms (ActiveRecord: 0.0ms)


Started GET "/login" for ::1 at 2017-10-29 13:02:12 -0700
Processing by SessionsController#new as HTML
  Rendered sessions/new.html.erb within layouts/application (10.4ms)
Completed 200 OK in 195ms (Views: 194.7ms | ActiveRecord: 0.0ms)


Started GET "/users/new" for ::1 at 2017-10-29 13:02:14 -0700
Processing by UsersController#new as HTML
  Rendered users/_form.html.erb (6.0ms)
  Rendered users/new.html.erb within layouts/application (9.1ms)
Completed 200 OK in 51ms (Views: 42.0ms | ActiveRecord: 3.1ms)


Started POST "/users" for ::1 at 2017-10-29 13:02:29 -0700
Processing by UsersController#create as HTML
  Parameters: {"utf8"=>"✓", "authenticity_token"=>"5+tKk1xOl8rA2vryZMgnVIrs8f3h+7r9m3638fBebYvk55iwXcCINCmtZMrbRPI+S9j6IvqhAO5sTsidZ0STAA==", "user"=>{"username"=>"Angelina", "email"=>"angelina@boop.com", "password"=>"[FILTERED]", "password_confirmation"=>"[FILTERED]"}, "commit"=>"Create User"}
Unpermitted parameter: password_confirmation
  [1m[35m (0.1ms)[0m  BEGIN
  [1m[36mUser Exists (0.7ms)[0m  [1mSELECT  1 AS one FROM "users" WHERE "users"."username" = 'Angelina' LIMIT 1[0m
  [1m[35mUser Exists (0.2ms)[0m  SELECT  1 AS one FROM "users" WHERE "users"."email" = 'angelina@boop.com' LIMIT 1
  [1m[36mUser Exists (1.2ms)[0m  [1mSELECT  1 AS one FROM "users" WHERE LOWER("users"."email") = LOWER('angelina@boop.com') LIMIT 1[0m
  [1m[35m (0.1ms)[0m  ROLLBACK
  Rendered users/_form.html.erb (2.4ms)
  Rendered users/new.html.erb within layouts/application (3.5ms)
Completed 200 OK in 104ms (Views: 18.0ms | ActiveRecord: 2.4ms)


Started POST "/users" for ::1 at 2017-10-29 13:02:55 -0700
Processing by UsersController#create as HTML
  Parameters: {"utf8"=>"✓", "authenticity_token"=>"564nopDPPwO+vKsgNWtjVa1uXQsALLudz1U8eNMZvBjkovWBkUEg/VfLNRiK57Y/bFpW1Bt2AY44ZUMURANCkw==", "user"=>{"username"=>"Angelina", "email"=>"angelina@boop.com", "password"=>"[FILTERED]", "password_confirmation"=>"[FILTERED]"}, "commit"=>"Create User"}
Unpermitted parameter: password_confirmation
  [1m[36m (0.1ms)[0m  [1mBEGIN[0m
  [1m[35mUser Exists (0.2ms)[0m  SELECT  1 AS one FROM "users" WHERE "users"."username" = 'Angelina' LIMIT 1
  [1m[36mUser Exists (0.1ms)[0m  [1mSELECT  1 AS one FROM "users" WHERE "users"."email" = 'angelina@boop.com' LIMIT 1[0m
  [1m[35mUser Exists (0.2ms)[0m  SELECT  1 AS one FROM "users" WHERE LOWER("users"."email") = LOWER('angelina@boop.com') LIMIT 1
  [1m[36m (0.1ms)[0m  [1mROLLBACK[0m
  Rendered users/_form.html.erb (2.9ms)
  Rendered users/new.html.erb within layouts/application (4.3ms)
Completed 200 OK in 97ms (Views: 26.3ms | ActiveRecord: 0.7ms)


Started POST "/users" for ::1 at 2017-10-29 13:03:03 -0700
Processing by UsersController#create as HTML
  Parameters: {"utf8"=>"✓", "authenticity_token"=>"agmvuBC3rDBD91w7BrfoDQCkGMLBqnhNvWlwjyGx+mppBX2bETmzzqqAwgO5Oz1nwZATHdrwwl5KWQ/jtqsE4Q==", "user"=>{"username"=>"Angelina", "email"=>"angelina@boop.com", "password"=>"[FILTERED]", "password_confirmation"=>"[FILTERED]"}, "commit"=>"Create User"}
Unpermitted parameter: password_confirmation
  [1m[35m (0.2ms)[0m  BEGIN
  [1m[36mUser Exists (0.3ms)[0m  [1mSELECT  1 AS one FROM "users" WHERE "users"."username" = 'Angelina' LIMIT 1[0m
  [1m[35mUser Exists (0.2ms)[0m  SELECT  1 AS one FROM "users" WHERE "users"."email" = 'angelina@boop.com' LIMIT 1
  [1m[36mUser Exists (0.2ms)[0m  [1mSELECT  1 AS one FROM "users" WHERE LOWER("users"."email") = LOWER('angelina@boop.com') LIMIT 1[0m
  [1m[35m (0.1ms)[0m  ROLLBACK
  Rendered users/_form.html.erb (3.1ms)
  Rendered users/new.html.erb within layouts/application (4.4ms)
Completed 200 OK in 105ms (Views: 30.4ms | ActiveRecord: 1.0ms)


Started GET "/" for ::1 at 2017-10-29 13:15:48 -0700
  [1m[36mActiveRecord::SchemaMigration Load (0.3ms)[0m  [1mSELECT "schema_migrations".* FROM "schema_migrations"[0m
Processing by DummyController#home as HTML
Redirected to http://localhost:3000/login
Filter chain halted as :ensure_login rendered or redirected
Completed 302 Found in 8ms (ActiveRecord: 0.0ms)


Started GET "/login" for ::1 at 2017-10-29 13:15:48 -0700
Processing by SessionsController#new as HTML
  Rendered sessions/new.html.erb within layouts/application (11.6ms)
Completed 200 OK in 194ms (Views: 193.7ms | ActiveRecord: 0.0ms)


Started GET "/users/new" for ::1 at 2017-10-29 13:15:49 -0700
Processing by UsersController#new as HTML
  Rendered users/_form.html.erb (23.4ms)
  Rendered users/new.html.erb within layouts/application (28.9ms)
Completed 200 OK in 54ms (Views: 45.8ms | ActiveRecord: 2.6ms)


Started POST "/users" for ::1 at 2017-10-29 13:16:00 -0700
Processing by UsersController#create as HTML
  Parameters: {"utf8"=>"✓", "authenticity_token"=>"8b5cE4ZiC8gJukl1S0z9d5ZS0ADbY3D6DVMW6SstV9vyso4wh+wUNuDN1030wCgdV2bb38A5yun6Y2mFvDepUA==", "user"=>{"username"=>"meep", "email"=>"meep@moop.ca", "password"=>"[FILTERED]", "password_confirmation"=>"[FILTERED]"}, "commit"=>"Create User"}
Unpermitted parameter: password_confirmation
  [1m[35m (0.4ms)[0m  BEGIN
  [1m[36mUser Exists (0.6ms)[0m  [1mSELECT  1 AS one FROM "users" WHERE "users"."username" = 'meep' LIMIT 1[0m
  [1m[35mUser Exists (0.2ms)[0m  SELECT  1 AS one FROM "users" WHERE "users"."email" = 'meep@moop.ca' LIMIT 1
  [1m[36mUser Exists (0.3ms)[0m  [1mSELECT  1 AS one FROM "users" WHERE LOWER("users"."email") = LOWER('meep@moop.ca') LIMIT 1[0m
  [1m[35m (0.1ms)[0m  ROLLBACK
  Rendered users/_form.html.erb (1.9ms)
  Rendered users/new.html.erb within layouts/application (2.8ms)
Completed 200 OK in 100ms (Views: 14.0ms | ActiveRecord: 1.5ms)


Started POST "/users" for ::1 at 2017-10-29 13:16:22 -0700
Processing by UsersController#create as HTML
  Parameters: {"utf8"=>"✓", "authenticity_token"=>"YV0MqYnjGEfvJ9vccUdaecl+eD3A1Hym6PZKCVVmlTJiUd6KiG0HuQZQReTOy48TCEpz4tuOxrUfxjVlwnxruQ==", "user"=>{"username"=>"meep", "email"=>"meep@moop.ca", "password"=>"[FILTERED]", "password_confirmation"=>"[FILTERED]"}, "commit"=>"Create User"}
Unpermitted parameter: password_confirmation
  [1m[36m (0.2ms)[0m  [1mBEGIN[0m
  [1m[35mUser Exists (0.3ms)[0m  SELECT  1 AS one FROM "users" WHERE "users"."username" = 'meep' LIMIT 1
  [1m[36mUser Exists (0.2ms)[0m  [1mSELECT  1 AS one FROM "users" WHERE "users"."email" = 'meep@moop.ca' LIMIT 1[0m
  [1m[35mUser Exists (0.2ms)[0m  SELECT  1 AS one FROM "users" WHERE LOWER("users"."email") = LOWER('meep@moop.ca') LIMIT 1
  [1m[36mSQL (0.3ms)[0m  [1mINSERT INTO "users" ("username", "email", "password_digest", "created_at", "updated_at") VALUES ($1, $2, $3, $4, $5) RETURNING "id"[0m  [["username", "meep"], ["email", "meep@moop.ca"], ["password_digest", "$2a$10$Xlkj0dTiDEChbB5Bw8wyk.L5jCL6Ibml5XmRkWPfctluW6DOjIFGG"], ["created_at", "2017-10-29 20:16:22.463082"], ["updated_at", "2017-10-29 20:16:22.463082"]]
  [1m[35m (0.9ms)[0m  COMMIT
Redirected to http://localhost:3000/users/3
Completed 302 Found in 95ms (ActiveRecord: 3.6ms)


Started GET "/users/3" for ::1 at 2017-10-29 13:16:22 -0700
Processing by UsersController#show as HTML
  Parameters: {"id"=>"3"}
Redirected to http://localhost:3000/login
Filter chain halted as :ensure_login rendered or redirected
Completed 302 Found in 1ms (ActiveRecord: 0.0ms)


Started GET "/login" for ::1 at 2017-10-29 13:16:22 -0700
Processing by SessionsController#new as HTML
  Rendered sessions/new.html.erb within layouts/application (2.3ms)
Completed 200 OK in 29ms (Views: 28.7ms | ActiveRecord: 0.0ms)


Started GET "/users/new" for ::1 at 2017-10-29 13:16:34 -0700
Processing by UsersController#new as HTML
  Rendered users/_form.html.erb (2.0ms)
  Rendered users/new.html.erb within layouts/application (3.3ms)
Completed 200 OK in 27ms (Views: 18.0ms | ActiveRecord: 1.8ms)


Started POST "/users" for ::1 at 2017-10-29 13:16:44 -0700
Processing by UsersController#create as HTML
  Parameters: {"utf8"=>"✓", "authenticity_token"=>"sbQy19zWbo01WT+BpFUNOxT4MdJEvkqRq6FZsAkBHEOyuOD03Vhxc9wuobkb2dhR1cw6DV/k8IJckSbcnhviyA==", "user"=>{"username"=>"moop", "email"=>"moop@meep.ca", "password"=>"[FILTERED]", "password_confirmation"=>"[FILTERED]"}, "commit"=>"Create User"}
Unpermitted parameter: password_confirmation
  [1m[36m (0.1ms)[0m  [1mBEGIN[0m
  [1m[35mUser Exists (0.2ms)[0m  SELECT  1 AS one FROM "users" WHERE "users"."username" = 'moop' LIMIT 1
  [1m[36mUser Exists (0.1ms)[0m  [1mSELECT  1 AS one FROM "users" WHERE "users"."email" = 'moop@meep.ca' LIMIT 1[0m
  [1m[35mUser Exists (0.2ms)[0m  SELECT  1 AS one FROM "users" WHERE LOWER("users"."email") = LOWER('moop@meep.ca') LIMIT 1
  [1m[36m (0.1ms)[0m  [1mROLLBACK[0m
  Rendered users/_form.html.erb (1.8ms)
  Rendered users/new.html.erb within layouts/application (2.8ms)
Completed 200 OK in 90ms (Views: 16.5ms | ActiveRecord: 0.7ms)


Started GET "/" for ::1 at 2017-10-29 13:17:24 -0700
Processing by DummyController#home as HTML
Redirected to http://localhost:3000/login
Filter chain halted as :ensure_login rendered or redirected
Completed 302 Found in 1ms (ActiveRecord: 0.0ms)


Started GET "/login" for ::1 at 2017-10-29 13:17:24 -0700
Processing by SessionsController#new as HTML
  Rendered sessions/new.html.erb within layouts/application (1.1ms)
Completed 200 OK in 14ms (Views: 13.6ms | ActiveRecord: 0.0ms)


Started GET "/users/new" for ::1 at 2017-10-29 13:17:26 -0700
Processing by UsersController#new as HTML
  Rendered users/_form.html.erb (1.6ms)
  Rendered users/new.html.erb within layouts/application (2.6ms)
Completed 200 OK in 24ms (Views: 18.0ms | ActiveRecord: 1.3ms)


Started POST "/users" for ::1 at 2017-10-29 13:17:35 -0700
Processing by UsersController#create as HTML
  Parameters: {"utf8"=>"✓", "authenticity_token"=>"CMg7HL6jjXLChu+uhuKazAUzvgyu94h1KigxZJ3kBHILxOk/vy2SjCvxcZY5bk+mxAe107WtMmbdGE4ICv76+Q==", "user"=>{"username"=>"doot", "email"=>"doit@doot.ca", "password"=>"[FILTERED]", "password_confirmation"=>"[FILTERED]"}, "commit"=>"Create User"}
Unpermitted parameter: password_confirmation
  [1m[35m (0.1ms)[0m  BEGIN
  [1m[36mUser Exists (0.2ms)[0m  [1mSELECT  1 AS one FROM "users" WHERE "users"."username" = 'doot' LIMIT 1[0m
  [1m[35mUser Exists (0.1ms)[0m  SELECT  1 AS one FROM "users" WHERE "users"."email" = 'doit@doot.ca' LIMIT 1
  [1m[36mUser Exists (0.2ms)[0m  [1mSELECT  1 AS one FROM "users" WHERE LOWER("users"."email") = LOWER('doit@doot.ca') LIMIT 1[0m
  [1m[35m (0.1ms)[0m  ROLLBACK
  Rendered users/_form.html.erb (1.5ms)
  Rendered users/new.html.erb within layouts/application (2.4ms)
Completed 200 OK in 89ms (Views: 12.1ms | ActiveRecord: 0.7ms)


Started GET "/users" for ::1 at 2017-10-29 13:17:46 -0700
  [1m[36mActiveRecord::SchemaMigration Load (0.3ms)[0m  [1mSELECT "schema_migrations".* FROM "schema_migrations"[0m
Processing by UsersController#index as HTML
Redirected to http://localhost:3000/login
Filter chain halted as :ensure_login rendered or redirected
Completed 302 Found in 8ms (ActiveRecord: 0.0ms)


Started GET "/login" for ::1 at 2017-10-29 13:17:46 -0700
Processing by SessionsController#new as HTML
  Rendered sessions/new.html.erb within layouts/application (13.2ms)
Completed 200 OK in 197ms (Views: 196.3ms | ActiveRecord: 0.0ms)


Started GET "/assets/scaffolds.self-122f8ea5d169973222c540ae0c1d12fa6cc385e057f88465ed561348b45e0c09.css?body=1" for ::1 at 2017-10-29 13:17:46 -0700


Started GET "/assets/users.self-e3b0c44298fc1c149afbf4c8996fb92427ae41e4649b934ca495991b7852b855.css?body=1" for ::1 at 2017-10-29 13:17:46 -0700


Started GET "/assets/application.self-21ef7e6c9ab167fc6a93a49d0e74699c43117e2e65efbfda5f128cd3c7c490c2.css?body=1" for ::1 at 2017-10-29 13:17:46 -0700


Started GET "/assets/jquery.self-bd7ddd393353a8d2480a622e80342adf488fb6006d667e8b42e4c0073393abee.js?body=1" for ::1 at 2017-10-29 13:17:46 -0700


Started GET "/assets/jquery_ujs.self-784a997f6726036b1993eb2217c9cb558e1cbb801c6da88105588c56f13b466a.js?body=1" for ::1 at 2017-10-29 13:17:46 -0700


Started GET "/assets/users.self-877aef30ae1b040ab8a3aba4e3e309a11d7f2612f44dde450b5c157aa5f95c05.js?body=1" for ::1 at 2017-10-29 13:17:46 -0700


Started GET "/assets/application.self-3b8dabdc891efe46b9a144b400ad69e37d7e5876bdc39dee783419a69d7ca819.js?body=1" for ::1 at 2017-10-29 13:17:46 -0700


Started GET "/assets/turbolinks.self-1d1fddf91adc38ac2045c51f0a3e05ca97d07d24d15a4dcbf705009106489e69.js?body=1" for ::1 at 2017-10-29 13:17:46 -0700


Started GET "/users/new" for ::1 at 2017-10-29 13:17:48 -0700
Processing by UsersController#new as HTML
  Rendered users/_form.html.erb (5.9ms)
  Rendered users/new.html.erb within layouts/application (9.1ms)
Completed 200 OK in 48ms (Views: 39.4ms | ActiveRecord: 2.2ms)


Started POST "/users" for ::1 at 2017-10-29 13:17:55 -0700
Processing by UsersController#create as HTML
  Parameters: {"utf8"=>"✓", "authenticity_token"=>"8ZxapUppgkBQ5wGVpU25uuDAmn0jd5JBBuKQFaptfy/ykIiGS+edvrmQn60awWzQIfSRojgtKFLx0u95PXeBpA==", "user"=>{"username"=>"doot", "email"=>"doit@doot.ca", "password"=>"[FILTERED]", "password_confirmation"=>"[FILTERED]"}, "commit"=>"Create User"}
Unpermitted parameter: password_confirmation
  [1m[35m (0.2ms)[0m  BEGIN
  [1m[36mUser Exists (0.6ms)[0m  [1mSELECT  1 AS one FROM "users" WHERE "users"."username" = 'doot' LIMIT 1[0m
  [1m[35mUser Exists (0.2ms)[0m  SELECT  1 AS one FROM "users" WHERE "users"."email" = 'doit@doot.ca' LIMIT 1
  [1m[36mUser Exists (0.3ms)[0m  [1mSELECT  1 AS one FROM "users" WHERE LOWER("users"."email") = LOWER('doit@doot.ca') LIMIT 1[0m
  [1m[35m (0.1ms)[0m  ROLLBACK
  Rendered users/_form.html.erb (3.9ms)
  Rendered users/new.html.erb within layouts/application (4.8ms)
Completed 200 OK in 120ms (Views: 33.0ms | ActiveRecord: 1.4ms)


Started GET "/users" for ::1 at 2017-10-29 13:20:56 -0700
  [1m[36mActiveRecord::SchemaMigration Load (0.3ms)[0m  [1mSELECT "schema_migrations".* FROM "schema_migrations"[0m
Processing by UsersController#index as HTML
Redirected to http://localhost:3000/login
Filter chain halted as :ensure_login rendered or redirected
Completed 302 Found in 8ms (ActiveRecord: 0.0ms)


Started GET "/login" for ::1 at 2017-10-29 13:20:56 -0700
Processing by SessionsController#new as HTML
  Rendered sessions/new.html.erb within layouts/application (9.2ms)
Completed 200 OK in 176ms (Views: 175.1ms | ActiveRecord: 0.0ms)


Started GET "/login" for ::1 at 2017-10-29 13:20:58 -0700
Processing by SessionsController#new as HTML
  Rendered sessions/new.html.erb within layouts/application (0.8ms)
Completed 200 OK in 12ms (Views: 11.1ms | ActiveRecord: 0.0ms)


Started GET "/assets/scaffolds.self-122f8ea5d169973222c540ae0c1d12fa6cc385e057f88465ed561348b45e0c09.css?body=1" for ::1 at 2017-10-29 13:20:58 -0700


Started GET "/assets/jquery_ujs.self-784a997f6726036b1993eb2217c9cb558e1cbb801c6da88105588c56f13b466a.js?body=1" for ::1 at 2017-10-29 13:20:58 -0700


Started GET "/assets/application.self-21ef7e6c9ab167fc6a93a49d0e74699c43117e2e65efbfda5f128cd3c7c490c2.css?body=1" for ::1 at 2017-10-29 13:20:58 -0700


Started GET "/assets/jquery.self-bd7ddd393353a8d2480a622e80342adf488fb6006d667e8b42e4c0073393abee.js?body=1" for ::1 at 2017-10-29 13:20:58 -0700


Started GET "/assets/users.self-e3b0c44298fc1c149afbf4c8996fb92427ae41e4649b934ca495991b7852b855.css?body=1" for ::1 at 2017-10-29 13:20:58 -0700


Started GET "/assets/turbolinks.self-1d1fddf91adc38ac2045c51f0a3e05ca97d07d24d15a4dcbf705009106489e69.js?body=1" for ::1 at 2017-10-29 13:20:58 -0700


Started GET "/assets/users.self-877aef30ae1b040ab8a3aba4e3e309a11d7f2612f44dde450b5c157aa5f95c05.js?body=1" for ::1 at 2017-10-29 13:20:58 -0700


Started GET "/assets/application.self-3b8dabdc891efe46b9a144b400ad69e37d7e5876bdc39dee783419a69d7ca819.js?body=1" for ::1 at 2017-10-29 13:20:58 -0700


Started GET "/" for ::1 at 2017-10-29 13:21:01 -0700
Processing by DummyController#home as HTML
Redirected to http://localhost:3000/login
Filter chain halted as :ensure_login rendered or redirected
Completed 302 Found in 1ms (ActiveRecord: 0.0ms)


Started GET "/login" for ::1 at 2017-10-29 13:21:01 -0700
Processing by SessionsController#new as HTML
  Rendered sessions/new.html.erb within layouts/application (0.8ms)
Completed 200 OK in 14ms (Views: 13.3ms | ActiveRecord: 0.0ms)


Started GET "/users/new" for ::1 at 2017-10-29 13:21:03 -0700
Processing by UsersController#new as HTML
Completed 500 Internal Server Error in 1ms (ActiveRecord: 0.0ms)

SyntaxError (/Users/angelinasisixia1/Desktop/CMPT276/GeoBox/app/models/user.rb:12: syntax error, unexpected ':', expecting keyword_end
	activerecord:
	             ^):
  app/models/user.rb:12: syntax error, unexpected ':', expecting keyword_end
  app/controllers/users_controller.rb:18:in `new'


  Rendered /Users/angelinasisixia1/.rbenv/versions/2.4.1/lib/ruby/gems/2.4.0/gems/actionpack-4.2.8/lib/action_dispatch/middleware/templates/rescues/_source.erb (4.1ms)
  Rendered /Users/angelinasisixia1/.rbenv/versions/2.4.1/lib/ruby/gems/2.4.0/gems/actionpack-4.2.8/lib/action_dispatch/middleware/templates/rescues/_trace.html.erb (2.1ms)
  Rendered /Users/angelinasisixia1/.rbenv/versions/2.4.1/lib/ruby/gems/2.4.0/gems/actionpack-4.2.8/lib/action_dispatch/middleware/templates/rescues/_request_and_response.html.erb (0.6ms)
  Rendered /Users/angelinasisixia1/.rbenv/versions/2.4.1/lib/ruby/gems/2.4.0/gems/actionpack-4.2.8/lib/action_dispatch/middleware/templates/rescues/diagnostics.html.erb within rescues/layout (48.3ms)
  Rendered /Users/angelinasisixia1/.rbenv/versions/2.4.1/lib/ruby/gems/2.4.0/gems/web-console-2.3.0/lib/web_console/templates/_markup.html.erb (0.3ms)
  Rendered /Users/angelinasisixia1/.rbenv/versions/2.4.1/lib/ruby/gems/2.4.0/gems/web-console-2.3.0/lib/web_console/templates/_inner_console_markup.html.erb within layouts/inlined_string (0.2ms)
  Rendered /Users/angelinasisixia1/.rbenv/versions/2.4.1/lib/ruby/gems/2.4.0/gems/web-console-2.3.0/lib/web_console/templates/_prompt_box_markup.html.erb within layouts/inlined_string (0.3ms)
  Rendered /Users/angelinasisixia1/.rbenv/versions/2.4.1/lib/ruby/gems/2.4.0/gems/web-console-2.3.0/lib/web_console/templates/style.css.erb within layouts/inlined_string (0.3ms)
  Rendered /Users/angelinasisixia1/.rbenv/versions/2.4.1/lib/ruby/gems/2.4.0/gems/web-console-2.3.0/lib/web_console/templates/console.js.erb within layouts/javascript (46.8ms)
  Rendered /Users/angelinasisixia1/.rbenv/versions/2.4.1/lib/ruby/gems/2.4.0/gems/web-console-2.3.0/lib/web_console/templates/main.js.erb within layouts/javascript (0.2ms)
  Rendered /Users/angelinasisixia1/.rbenv/versions/2.4.1/lib/ruby/gems/2.4.0/gems/web-console-2.3.0/lib/web_console/templates/error_page.js.erb within layouts/javascript (0.4ms)
  Rendered /Users/angelinasisixia1/.rbenv/versions/2.4.1/lib/ruby/gems/2.4.0/gems/web-console-2.3.0/lib/web_console/templates/index.html.erb (103.8ms)


Started GET "/users/new" for ::1 at 2017-10-29 13:21:17 -0700
Processing by UsersController#new as HTML
Completed 500 Internal Server Error in 1ms (ActiveRecord: 0.0ms)

SyntaxError (/Users/angelinasisixia1/Desktop/CMPT276/GeoBox/app/models/user.rb:12: syntax error, unexpected ':', expecting keyword_end
	activerecord:
	             ^
/Users/angelinasisixia1/Desktop/CMPT276/GeoBox/app/models/user.rb:17: syntax error, unexpected keyword_end, expecting end-of-input):
  app/models/user.rb:12: syntax error, unexpected ':', expecting keyword_end
  app/models/user.rb:17: syntax error, unexpected keyword_end, expecting end-of-input
  app/controllers/users_controller.rb:18:in `new'


  Rendered /Users/angelinasisixia1/.rbenv/versions/2.4.1/lib/ruby/gems/2.4.0/gems/actionpack-4.2.8/lib/action_dispatch/middleware/templates/rescues/_source.erb (4.1ms)
  Rendered /Users/angelinasisixia1/.rbenv/versions/2.4.1/lib/ruby/gems/2.4.0/gems/actionpack-4.2.8/lib/action_dispatch/middleware/templates/rescues/_trace.html.erb (2.0ms)
  Rendered /Users/angelinasisixia1/.rbenv/versions/2.4.1/lib/ruby/gems/2.4.0/gems/actionpack-4.2.8/lib/action_dispatch/middleware/templates/rescues/_request_and_response.html.erb (0.6ms)
  Rendered /Users/angelinasisixia1/.rbenv/versions/2.4.1/lib/ruby/gems/2.4.0/gems/actionpack-4.2.8/lib/action_dispatch/middleware/templates/rescues/diagnostics.html.erb within rescues/layout (49.4ms)
  Rendered /Users/angelinasisixia1/.rbenv/versions/2.4.1/lib/ruby/gems/2.4.0/gems/web-console-2.3.0/lib/web_console/templates/_markup.html.erb (0.3ms)
  Rendered /Users/angelinasisixia1/.rbenv/versions/2.4.1/lib/ruby/gems/2.4.0/gems/web-console-2.3.0/lib/web_console/templates/_inner_console_markup.html.erb within layouts/inlined_string (0.3ms)
  Rendered /Users/angelinasisixia1/.rbenv/versions/2.4.1/lib/ruby/gems/2.4.0/gems/web-console-2.3.0/lib/web_console/templates/_prompt_box_markup.html.erb within layouts/inlined_string (0.2ms)
  Rendered /Users/angelinasisixia1/.rbenv/versions/2.4.1/lib/ruby/gems/2.4.0/gems/web-console-2.3.0/lib/web_console/templates/style.css.erb within layouts/inlined_string (0.4ms)
  Rendered /Users/angelinasisixia1/.rbenv/versions/2.4.1/lib/ruby/gems/2.4.0/gems/web-console-2.3.0/lib/web_console/templates/console.js.erb within layouts/javascript (50.3ms)
  Rendered /Users/angelinasisixia1/.rbenv/versions/2.4.1/lib/ruby/gems/2.4.0/gems/web-console-2.3.0/lib/web_console/templates/main.js.erb within layouts/javascript (0.2ms)
  Rendered /Users/angelinasisixia1/.rbenv/versions/2.4.1/lib/ruby/gems/2.4.0/gems/web-console-2.3.0/lib/web_console/templates/error_page.js.erb within layouts/javascript (0.3ms)
  Rendered /Users/angelinasisixia1/.rbenv/versions/2.4.1/lib/ruby/gems/2.4.0/gems/web-console-2.3.0/lib/web_console/templates/index.html.erb (107.6ms)


Started GET "/users/new" for ::1 at 2017-10-29 13:22:19 -0700
Processing by UsersController#new as HTML
Completed 500 Internal Server Error in 1ms (ActiveRecord: 0.0ms)

SyntaxError (/Users/angelinasisixia1/Desktop/CMPT276/GeoBox/app/models/user.rb:13: syntax error, unexpected ':', expecting keyword_end
	errors:
	       ^):
  app/models/user.rb:13: syntax error, unexpected ':', expecting keyword_end
  app/controllers/users_controller.rb:18:in `new'


  Rendered /Users/angelinasisixia1/.rbenv/versions/2.4.1/lib/ruby/gems/2.4.0/gems/actionpack-4.2.8/lib/action_dispatch/middleware/templates/rescues/_source.erb (4.0ms)
  Rendered /Users/angelinasisixia1/.rbenv/versions/2.4.1/lib/ruby/gems/2.4.0/gems/actionpack-4.2.8/lib/action_dispatch/middleware/templates/rescues/_trace.html.erb (2.0ms)
  Rendered /Users/angelinasisixia1/.rbenv/versions/2.4.1/lib/ruby/gems/2.4.0/gems/actionpack-4.2.8/lib/action_dispatch/middleware/templates/rescues/_request_and_response.html.erb (0.7ms)
  Rendered /Users/angelinasisixia1/.rbenv/versions/2.4.1/lib/ruby/gems/2.4.0/gems/actionpack-4.2.8/lib/action_dispatch/middleware/templates/rescues/diagnostics.html.erb within rescues/layout (50.4ms)
  Rendered /Users/angelinasisixia1/.rbenv/versions/2.4.1/lib/ruby/gems/2.4.0/gems/web-console-2.3.0/lib/web_console/templates/_markup.html.erb (0.4ms)
  Rendered /Users/angelinasisixia1/.rbenv/versions/2.4.1/lib/ruby/gems/2.4.0/gems/web-console-2.3.0/lib/web_console/templates/_inner_console_markup.html.erb within layouts/inlined_string (0.3ms)
  Rendered /Users/angelinasisixia1/.rbenv/versions/2.4.1/lib/ruby/gems/2.4.0/gems/web-console-2.3.0/lib/web_console/templates/_prompt_box_markup.html.erb within layouts/inlined_string (0.3ms)
  Rendered /Users/angelinasisixia1/.rbenv/versions/2.4.1/lib/ruby/gems/2.4.0/gems/web-console-2.3.0/lib/web_console/templates/style.css.erb within layouts/inlined_string (0.3ms)
  Rendered /Users/angelinasisixia1/.rbenv/versions/2.4.1/lib/ruby/gems/2.4.0/gems/web-console-2.3.0/lib/web_console/templates/console.js.erb within layouts/javascript (47.5ms)
  Rendered /Users/angelinasisixia1/.rbenv/versions/2.4.1/lib/ruby/gems/2.4.0/gems/web-console-2.3.0/lib/web_console/templates/main.js.erb within layouts/javascript (0.2ms)
  Rendered /Users/angelinasisixia1/.rbenv/versions/2.4.1/lib/ruby/gems/2.4.0/gems/web-console-2.3.0/lib/web_console/templates/error_page.js.erb within layouts/javascript (0.3ms)
  Rendered /Users/angelinasisixia1/.rbenv/versions/2.4.1/lib/ruby/gems/2.4.0/gems/web-console-2.3.0/lib/web_console/templates/index.html.erb (102.0ms)


Started GET "/users/new" for ::1 at 2017-10-29 13:22:31 -0700
Processing by UsersController#new as HTML
Completed 500 Internal Server Error in 1ms (ActiveRecord: 0.0ms)

SyntaxError (/Users/angelinasisixia1/Desktop/CMPT276/GeoBox/app/models/user.rb:13: syntax error, unexpected ':', expecting keyword_end
	errors:
	       ^
/Users/angelinasisixia1/Desktop/CMPT276/GeoBox/app/models/user.rb:17: syntax error, unexpected keyword_end, expecting end-of-input):
  app/models/user.rb:13: syntax error, unexpected ':', expecting keyword_end
  app/models/user.rb:17: syntax error, unexpected keyword_end, expecting end-of-input
  app/controllers/users_controller.rb:18:in `new'


  Rendered /Users/angelinasisixia1/.rbenv/versions/2.4.1/lib/ruby/gems/2.4.0/gems/actionpack-4.2.8/lib/action_dispatch/middleware/templates/rescues/_source.erb (4.4ms)
  Rendered /Users/angelinasisixia1/.rbenv/versions/2.4.1/lib/ruby/gems/2.4.0/gems/actionpack-4.2.8/lib/action_dispatch/middleware/templates/rescues/_trace.html.erb (2.1ms)
  Rendered /Users/angelinasisixia1/.rbenv/versions/2.4.1/lib/ruby/gems/2.4.0/gems/actionpack-4.2.8/lib/action_dispatch/middleware/templates/rescues/_request_and_response.html.erb (0.6ms)
  Rendered /Users/angelinasisixia1/.rbenv/versions/2.4.1/lib/ruby/gems/2.4.0/gems/actionpack-4.2.8/lib/action_dispatch/middleware/templates/rescues/diagnostics.html.erb within rescues/layout (49.8ms)
  Rendered /Users/angelinasisixia1/.rbenv/versions/2.4.1/lib/ruby/gems/2.4.0/gems/web-console-2.3.0/lib/web_console/templates/_markup.html.erb (0.4ms)
  Rendered /Users/angelinasisixia1/.rbenv/versions/2.4.1/lib/ruby/gems/2.4.0/gems/web-console-2.3.0/lib/web_console/templates/_inner_console_markup.html.erb within layouts/inlined_string (0.3ms)
  Rendered /Users/angelinasisixia1/.rbenv/versions/2.4.1/lib/ruby/gems/2.4.0/gems/web-console-2.3.0/lib/web_console/templates/_prompt_box_markup.html.erb within layouts/inlined_string (0.2ms)
  Rendered /Users/angelinasisixia1/.rbenv/versions/2.4.1/lib/ruby/gems/2.4.0/gems/web-console-2.3.0/lib/web_console/templates/style.css.erb within layouts/inlined_string (0.3ms)
  Rendered /Users/angelinasisixia1/.rbenv/versions/2.4.1/lib/ruby/gems/2.4.0/gems/web-console-2.3.0/lib/web_console/templates/console.js.erb within layouts/javascript (50.6ms)
  Rendered /Users/angelinasisixia1/.rbenv/versions/2.4.1/lib/ruby/gems/2.4.0/gems/web-console-2.3.0/lib/web_console/templates/main.js.erb within layouts/javascript (0.8ms)
  Rendered /Users/angelinasisixia1/.rbenv/versions/2.4.1/lib/ruby/gems/2.4.0/gems/web-console-2.3.0/lib/web_console/templates/error_page.js.erb within layouts/javascript (0.3ms)
  Rendered /Users/angelinasisixia1/.rbenv/versions/2.4.1/lib/ruby/gems/2.4.0/gems/web-console-2.3.0/lib/web_console/templates/index.html.erb (114.3ms)


Started GET "/users/new" for ::1 at 2017-10-29 13:23:30 -0700
Processing by UsersController#new as HTML
  Rendered users/_form.html.erb (3.5ms)
  Rendered users/new.html.erb within layouts/application (4.9ms)
Completed 200 OK in 28ms (Views: 18.5ms | ActiveRecord: 2.2ms)


Started GET "/assets/scaffolds.self-122f8ea5d169973222c540ae0c1d12fa6cc385e057f88465ed561348b45e0c09.css?body=1" for ::1 at 2017-10-29 13:23:30 -0700


Started GET "/assets/users.self-e3b0c44298fc1c149afbf4c8996fb92427ae41e4649b934ca495991b7852b855.css?body=1" for ::1 at 2017-10-29 13:23:30 -0700


Started GET "/assets/application.self-21ef7e6c9ab167fc6a93a49d0e74699c43117e2e65efbfda5f128cd3c7c490c2.css?body=1" for ::1 at 2017-10-29 13:23:30 -0700


Started GET "/assets/jquery.self-bd7ddd393353a8d2480a622e80342adf488fb6006d667e8b42e4c0073393abee.js?body=1" for ::1 at 2017-10-29 13:23:30 -0700


Started GET "/assets/jquery_ujs.self-784a997f6726036b1993eb2217c9cb558e1cbb801c6da88105588c56f13b466a.js?body=1" for ::1 at 2017-10-29 13:23:30 -0700


Started GET "/assets/users.self-877aef30ae1b040ab8a3aba4e3e309a11d7f2612f44dde450b5c157aa5f95c05.js?body=1" for ::1 at 2017-10-29 13:23:30 -0700


Started GET "/assets/turbolinks.self-1d1fddf91adc38ac2045c51f0a3e05ca97d07d24d15a4dcbf705009106489e69.js?body=1" for ::1 at 2017-10-29 13:23:30 -0700


Started GET "/assets/application.self-3b8dabdc891efe46b9a144b400ad69e37d7e5876bdc39dee783419a69d7ca819.js?body=1" for ::1 at 2017-10-29 13:23:30 -0700


Started POST "/users" for ::1 at 2017-10-29 13:23:38 -0700
Processing by UsersController#create as HTML
  Parameters: {"utf8"=>"✓", "authenticity_token"=>"rJs+Scux6PPl2aqeeJWWnAh7ci4QHOosg7IiVFa7SNavl+xqyj/3DQyuNKbHGUP2yU958QtGUD90gl04waG2XQ==", "user"=>{"username"=>"new", "email"=>"new@new.ca", "password"=>"[FILTERED]", "password_confirmation"=>"[FILTERED]"}, "commit"=>"Create User"}
Unpermitted parameter: password_confirmation
  [1m[35m (0.2ms)[0m  BEGIN
  [1m[36mUser Exists (0.7ms)[0m  [1mSELECT  1 AS one FROM "users" WHERE "users"."username" = 'new' LIMIT 1[0m
  [1m[35mUser Exists (0.2ms)[0m  SELECT  1 AS one FROM "users" WHERE "users"."email" = 'new@new.ca' LIMIT 1
  [1m[36mUser Exists (0.2ms)[0m  [1mSELECT  1 AS one FROM "users" WHERE LOWER("users"."email") = LOWER('new@new.ca') LIMIT 1[0m
  [1m[35m (0.1ms)[0m  ROLLBACK
  Rendered users/_form.html.erb (2.0ms)
  Rendered users/new.html.erb within layouts/application (3.0ms)
Completed 200 OK in 91ms (Views: 13.2ms | ActiveRecord: 1.4ms)


Started POST "/users" for ::1 at 2017-10-29 13:24:08 -0700
Processing by UsersController#create as HTML
  Parameters: {"utf8"=>"✓", "authenticity_token"=>"LhutB2jlRtHCTYskw8Gl/7A6jvRTtbhSVseZxGvZXc8tF38kaWtZLys6FRx8TXCVcQ6FK0jvAkGh9+ao/MOjRA==", "user"=>{"username"=>"new", "email"=>"new@new.ca", "password"=>"[FILTERED]", "password_confirmation"=>"[FILTERED]"}, "commit"=>"Create User"}
Completed 500 Internal Server Error in 4ms (ActiveRecord: 0.0ms)

ArgumentError (Unknown validator: 'MessageValidator'):
  app/models/user.rb:7:in `<class:User>'
  app/models/user.rb:1:in `<top (required)>'
  app/controllers/users_controller.rb:28:in `create'


  Rendered /Users/angelinasisixia1/.rbenv/versions/2.4.1/lib/ruby/gems/2.4.0/gems/actionpack-4.2.8/lib/action_dispatch/middleware/templates/rescues/_source.erb (4.1ms)
  Rendered /Users/angelinasisixia1/.rbenv/versions/2.4.1/lib/ruby/gems/2.4.0/gems/actionpack-4.2.8/lib/action_dispatch/middleware/templates/rescues/_trace.html.erb (2.0ms)
  Rendered /Users/angelinasisixia1/.rbenv/versions/2.4.1/lib/ruby/gems/2.4.0/gems/actionpack-4.2.8/lib/action_dispatch/middleware/templates/rescues/_request_and_response.html.erb (0.8ms)
  Rendered /Users/angelinasisixia1/.rbenv/versions/2.4.1/lib/ruby/gems/2.4.0/gems/actionpack-4.2.8/lib/action_dispatch/middleware/templates/rescues/diagnostics.html.erb within rescues/layout (49.7ms)
  Rendered /Users/angelinasisixia1/.rbenv/versions/2.4.1/lib/ruby/gems/2.4.0/gems/web-console-2.3.0/lib/web_console/templates/_markup.html.erb (0.4ms)
  Rendered /Users/angelinasisixia1/.rbenv/versions/2.4.1/lib/ruby/gems/2.4.0/gems/web-console-2.3.0/lib/web_console/templates/_inner_console_markup.html.erb within layouts/inlined_string (0.4ms)
  Rendered /Users/angelinasisixia1/.rbenv/versions/2.4.1/lib/ruby/gems/2.4.0/gems/web-console-2.3.0/lib/web_console/templates/_prompt_box_markup.html.erb within layouts/inlined_string (0.2ms)
  Rendered /Users/angelinasisixia1/.rbenv/versions/2.4.1/lib/ruby/gems/2.4.0/gems/web-console-2.3.0/lib/web_console/templates/style.css.erb within layouts/inlined_string (0.4ms)
  Rendered /Users/angelinasisixia1/.rbenv/versions/2.4.1/lib/ruby/gems/2.4.0/gems/web-console-2.3.0/lib/web_console/templates/console.js.erb within layouts/javascript (47.6ms)
  Rendered /Users/angelinasisixia1/.rbenv/versions/2.4.1/lib/ruby/gems/2.4.0/gems/web-console-2.3.0/lib/web_console/templates/main.js.erb within layouts/javascript (0.2ms)
  Rendered /Users/angelinasisixia1/.rbenv/versions/2.4.1/lib/ruby/gems/2.4.0/gems/web-console-2.3.0/lib/web_console/templates/error_page.js.erb within layouts/javascript (0.5ms)
  Rendered /Users/angelinasisixia1/.rbenv/versions/2.4.1/lib/ruby/gems/2.4.0/gems/web-console-2.3.0/lib/web_console/templates/index.html.erb (99.8ms)


Started POST "/users" for ::1 at 2017-10-29 13:25:14 -0700
Processing by UsersController#create as HTML
  Parameters: {"utf8"=>"✓", "authenticity_token"=>"LhutB2jlRtHCTYskw8Gl/7A6jvRTtbhSVseZxGvZXc8tF38kaWtZLys6FRx8TXCVcQ6FK0jvAkGh9+ao/MOjRA==", "user"=>{"username"=>"new", "email"=>"new@new.ca", "password"=>"[FILTERED]", "password_confirmation"=>"[FILTERED]"}, "commit"=>"Create User"}
Completed 500 Internal Server Error in 1ms (ActiveRecord: 0.0ms)

SyntaxError (/Users/angelinasisixia1/Desktop/CMPT276/GeoBox/app/models/user.rb:7: syntax error, unexpected ':', expecting '}'
firmation, :presence{ message: "Bloop"}
                              ^
/Users/angelinasisixia1/Desktop/CMPT276/GeoBox/app/models/user.rb:7: syntax error, unexpected '}', expecting keyword_end
, :presence{ message: "Bloop"}
                              ^):
  app/models/user.rb:7: syntax error, unexpected ':', expecting '}'
  app/models/user.rb:7: syntax error, unexpected '}', expecting keyword_end
  app/controllers/users_controller.rb:28:in `create'


  Rendered /Users/angelinasisixia1/.rbenv/versions/2.4.1/lib/ruby/gems/2.4.0/gems/actionpack-4.2.8/lib/action_dispatch/middleware/templates/rescues/_source.erb (4.2ms)
  Rendered /Users/angelinasisixia1/.rbenv/versions/2.4.1/lib/ruby/gems/2.4.0/gems/actionpack-4.2.8/lib/action_dispatch/middleware/templates/rescues/_trace.html.erb (2.1ms)
  Rendered /Users/angelinasisixia1/.rbenv/versions/2.4.1/lib/ruby/gems/2.4.0/gems/actionpack-4.2.8/lib/action_dispatch/middleware/templates/rescues/_request_and_response.html.erb (0.7ms)
  Rendered /Users/angelinasisixia1/.rbenv/versions/2.4.1/lib/ruby/gems/2.4.0/gems/actionpack-4.2.8/lib/action_dispatch/middleware/templates/rescues/diagnostics.html.erb within rescues/layout (51.5ms)
  Rendered /Users/angelinasisixia1/.rbenv/versions/2.4.1/lib/ruby/gems/2.4.0/gems/web-console-2.3.0/lib/web_console/templates/_markup.html.erb (0.5ms)
  Rendered /Users/angelinasisixia1/.rbenv/versions/2.4.1/lib/ruby/gems/2.4.0/gems/web-console-2.3.0/lib/web_console/templates/_inner_console_markup.html.erb within layouts/inlined_string (0.3ms)
  Rendered /Users/angelinasisixia1/.rbenv/versions/2.4.1/lib/ruby/gems/2.4.0/gems/web-console-2.3.0/lib/web_console/templates/_prompt_box_markup.html.erb within layouts/inlined_string (0.2ms)
  Rendered /Users/angelinasisixia1/.rbenv/versions/2.4.1/lib/ruby/gems/2.4.0/gems/web-console-2.3.0/lib/web_console/templates/style.css.erb within layouts/inlined_string (0.4ms)
  Rendered /Users/angelinasisixia1/.rbenv/versions/2.4.1/lib/ruby/gems/2.4.0/gems/web-console-2.3.0/lib/web_console/templates/console.js.erb within layouts/javascript (42.7ms)
  Rendered /Users/angelinasisixia1/.rbenv/versions/2.4.1/lib/ruby/gems/2.4.0/gems/web-console-2.3.0/lib/web_console/templates/main.js.erb within layouts/javascript (0.2ms)
  Rendered /Users/angelinasisixia1/.rbenv/versions/2.4.1/lib/ruby/gems/2.4.0/gems/web-console-2.3.0/lib/web_console/templates/error_page.js.erb within layouts/javascript (0.3ms)
  Rendered /Users/angelinasisixia1/.rbenv/versions/2.4.1/lib/ruby/gems/2.4.0/gems/web-console-2.3.0/lib/web_console/templates/index.html.erb (99.6ms)


Started POST "/users" for ::1 at 2017-10-29 13:25:25 -0700
Processing by UsersController#create as HTML
  Parameters: {"utf8"=>"✓", "authenticity_token"=>"LhutB2jlRtHCTYskw8Gl/7A6jvRTtbhSVseZxGvZXc8tF38kaWtZLys6FRx8TXCVcQ6FK0jvAkGh9+ao/MOjRA==", "user"=>{"username"=>"new", "email"=>"new@new.ca", "password"=>"[FILTERED]", "password_confirmation"=>"[FILTERED]"}, "commit"=>"Create User"}
Completed 500 Internal Server Error in 1ms (ActiveRecord: 0.0ms)

SyntaxError (/Users/angelinasisixia1/Desktop/CMPT276/GeoBox/app/models/user.rb:7: syntax error, unexpected ':', expecting '}'
irmation, :presence { message: "Bloop"}
                              ^
/Users/angelinasisixia1/Desktop/CMPT276/GeoBox/app/models/user.rb:7: syntax error, unexpected '}', expecting keyword_end
 :presence { message: "Bloop"}
                              ^):
  app/models/user.rb:7: syntax error, unexpected ':', expecting '}'
  app/models/user.rb:7: syntax error, unexpected '}', expecting keyword_end
  app/controllers/users_controller.rb:28:in `create'


  Rendered /Users/angelinasisixia1/.rbenv/versions/2.4.1/lib/ruby/gems/2.4.0/gems/actionpack-4.2.8/lib/action_dispatch/middleware/templates/rescues/_source.erb (4.7ms)
  Rendered /Users/angelinasisixia1/.rbenv/versions/2.4.1/lib/ruby/gems/2.4.0/gems/actionpack-4.2.8/lib/action_dispatch/middleware/templates/rescues/_trace.html.erb (2.7ms)
  Rendered /Users/angelinasisixia1/.rbenv/versions/2.4.1/lib/ruby/gems/2.4.0/gems/actionpack-4.2.8/lib/action_dispatch/middleware/templates/rescues/_request_and_response.html.erb (0.8ms)
  Rendered /Users/angelinasisixia1/.rbenv/versions/2.4.1/lib/ruby/gems/2.4.0/gems/actionpack-4.2.8/lib/action_dispatch/middleware/templates/rescues/diagnostics.html.erb within rescues/layout (54.9ms)
  Rendered /Users/angelinasisixia1/.rbenv/versions/2.4.1/lib/ruby/gems/2.4.0/gems/web-console-2.3.0/lib/web_console/templates/_markup.html.erb (0.3ms)
  Rendered /Users/angelinasisixia1/.rbenv/versions/2.4.1/lib/ruby/gems/2.4.0/gems/web-console-2.3.0/lib/web_console/templates/_inner_console_markup.html.erb within layouts/inlined_string (0.3ms)
  Rendered /Users/angelinasisixia1/.rbenv/versions/2.4.1/lib/ruby/gems/2.4.0/gems/web-console-2.3.0/lib/web_console/templates/_prompt_box_markup.html.erb within layouts/inlined_string (0.2ms)
  Rendered /Users/angelinasisixia1/.rbenv/versions/2.4.1/lib/ruby/gems/2.4.0/gems/web-console-2.3.0/lib/web_console/templates/style.css.erb within layouts/inlined_string (0.2ms)
  Rendered /Users/angelinasisixia1/.rbenv/versions/2.4.1/lib/ruby/gems/2.4.0/gems/web-console-2.3.0/lib/web_console/templates/console.js.erb within layouts/javascript (42.7ms)
  Rendered /Users/angelinasisixia1/.rbenv/versions/2.4.1/lib/ruby/gems/2.4.0/gems/web-console-2.3.0/lib/web_console/templates/main.js.erb within layouts/javascript (0.3ms)
  Rendered /Users/angelinasisixia1/.rbenv/versions/2.4.1/lib/ruby/gems/2.4.0/gems/web-console-2.3.0/lib/web_console/templates/error_page.js.erb within layouts/javascript (0.4ms)
  Rendered /Users/angelinasisixia1/.rbenv/versions/2.4.1/lib/ruby/gems/2.4.0/gems/web-console-2.3.0/lib/web_console/templates/index.html.erb (94.8ms)


Started POST "/users" for ::1 at 2017-10-29 13:25:49 -0700
Processing by UsersController#create as HTML
  Parameters: {"utf8"=>"✓", "authenticity_token"=>"LhutB2jlRtHCTYskw8Gl/7A6jvRTtbhSVseZxGvZXc8tF38kaWtZLys6FRx8TXCVcQ6FK0jvAkGh9+ao/MOjRA==", "user"=>{"username"=>"new", "email"=>"new@new.ca", "password"=>"[FILTERED]", "password_confirmation"=>"[FILTERED]"}, "commit"=>"Create User"}
Completed 500 Internal Server Error in 1ms (ActiveRecord: 0.0ms)

SyntaxError (/Users/angelinasisixia1/Desktop/CMPT276/GeoBox/app/models/user.rb:7: syntax error, unexpected ':', expecting '}'
irmation, :presence { message: "Bloop" }
                              ^
/Users/angelinasisixia1/Desktop/CMPT276/GeoBox/app/models/user.rb:7: syntax error, unexpected '}', expecting keyword_end
:presence { message: "Bloop" }
                              ^):
  app/models/user.rb:7: syntax error, unexpected ':', expecting '}'
  app/models/user.rb:7: syntax error, unexpected '}', expecting keyword_end
  app/controllers/users_controller.rb:28:in `create'




Started POST "/users" for ::1 at 2017-10-29 13:28:12 -0700
Processing by UsersController#create as HTML
  Parameters: {"utf8"=>"✓", "authenticity_token"=>"LhutB2jlRtHCTYskw8Gl/7A6jvRTtbhSVseZxGvZXc8tF38kaWtZLys6FRx8TXCVcQ6FK0jvAkGh9+ao/MOjRA==", "user"=>{"username"=>"new", "email"=>"new@new.ca", "password"=>"[FILTERED]", "password_confirmation"=>"[FILTERED]"}, "commit"=>"Create User"}
Unpermitted parameter: password_confirmation
  [1m[36m (0.2ms)[0m  [1mBEGIN[0m
  [1m[35mUser Exists (0.3ms)[0m  SELECT  1 AS one FROM "users" WHERE "users"."username" = 'new' LIMIT 1
  [1m[36mUser Exists (0.2ms)[0m  [1mSELECT  1 AS one FROM "users" WHERE "users"."email" = 'new@new.ca' LIMIT 1[0m
  [1m[35mUser Exists (0.2ms)[0m  SELECT  1 AS one FROM "users" WHERE LOWER("users"."email") = LOWER('new@new.ca') LIMIT 1
  [1m[36m (0.1ms)[0m  [1mROLLBACK[0m
  Rendered users/_form.html.erb (2.6ms)
  Rendered users/new.html.erb within layouts/application (3.9ms)
Completed 200 OK in 108ms (Views: 28.2ms | ActiveRecord: 2.5ms)


Started GET "/assets/scaffolds.self-122f8ea5d169973222c540ae0c1d12fa6cc385e057f88465ed561348b45e0c09.css?body=1" for ::1 at 2017-10-29 13:28:12 -0700


Started GET "/assets/users.self-e3b0c44298fc1c149afbf4c8996fb92427ae41e4649b934ca495991b7852b855.css?body=1" for ::1 at 2017-10-29 13:28:12 -0700


Started GET "/assets/application.self-21ef7e6c9ab167fc6a93a49d0e74699c43117e2e65efbfda5f128cd3c7c490c2.css?body=1" for ::1 at 2017-10-29 13:28:12 -0700


Started GET "/assets/jquery.self-bd7ddd393353a8d2480a622e80342adf488fb6006d667e8b42e4c0073393abee.js?body=1" for ::1 at 2017-10-29 13:28:12 -0700


Started GET "/assets/jquery_ujs.self-784a997f6726036b1993eb2217c9cb558e1cbb801c6da88105588c56f13b466a.js?body=1" for ::1 at 2017-10-29 13:28:12 -0700


Started GET "/assets/users.self-877aef30ae1b040ab8a3aba4e3e309a11d7f2612f44dde450b5c157aa5f95c05.js?body=1" for ::1 at 2017-10-29 13:28:12 -0700


Started GET "/assets/turbolinks.self-1d1fddf91adc38ac2045c51f0a3e05ca97d07d24d15a4dcbf705009106489e69.js?body=1" for ::1 at 2017-10-29 13:28:12 -0700


Started GET "/assets/application.self-3b8dabdc891efe46b9a144b400ad69e37d7e5876bdc39dee783419a69d7ca819.js?body=1" for ::1 at 2017-10-29 13:28:12 -0700


Started POST "/users" for ::1 at 2017-10-29 13:28:20 -0700
Processing by UsersController#create as HTML
  Parameters: {"utf8"=>"✓", "authenticity_token"=>"dMgunTqV8iliEwF2OV3GQubOPoe3UAonaK8RydbeizN3xPy+Oxvt14tkn06G0RMoJ/o1WKwKsDSfn26lQcR1uA==", "user"=>{"username"=>"new", "email"=>"new@new.ca", "password"=>"[FILTERED]", "password_confirmation"=>"[FILTERED]"}, "commit"=>"Create User"}
Unpermitted parameter: password_confirmation
  [1m[35m (0.1ms)[0m  BEGIN
  [1m[36mUser Exists (0.2ms)[0m  [1mSELECT  1 AS one FROM "users" WHERE "users"."username" = 'new' LIMIT 1[0m
  [1m[35mUser Exists (0.1ms)[0m  SELECT  1 AS one FROM "users" WHERE "users"."email" = 'new@new.ca' LIMIT 1
  [1m[36mUser Exists (0.2ms)[0m  [1mSELECT  1 AS one FROM "users" WHERE LOWER("users"."email") = LOWER('new@new.ca') LIMIT 1[0m
  [1m[35m (0.1ms)[0m  ROLLBACK
  Rendered users/_form.html.erb (2.1ms)
  Rendered users/new.html.erb within layouts/application (3.0ms)
Completed 200 OK in 93ms (Views: 15.6ms | ActiveRecord: 0.7ms)


Started GET "/users" for ::1 at 2017-10-29 13:29:58 -0700
Processing by UsersController#index as HTML
Redirected to http://localhost:3000/login
Filter chain halted as :ensure_login rendered or redirected
Completed 302 Found in 1ms (ActiveRecord: 0.0ms)


Started GET "/login" for ::1 at 2017-10-29 13:29:58 -0700
Processing by SessionsController#new as HTML
  Rendered sessions/new.html.erb within layouts/application (6.1ms)
Completed 200 OK in 31ms (Views: 30.2ms | ActiveRecord: 0.0ms)


Started GET "/assets/scaffolds.self-122f8ea5d169973222c540ae0c1d12fa6cc385e057f88465ed561348b45e0c09.css?body=1" for ::1 at 2017-10-29 13:29:59 -0700


Started GET "/assets/users.self-e3b0c44298fc1c149afbf4c8996fb92427ae41e4649b934ca495991b7852b855.css?body=1" for ::1 at 2017-10-29 13:29:59 -0700


Started GET "/assets/jquery_ujs.self-784a997f6726036b1993eb2217c9cb558e1cbb801c6da88105588c56f13b466a.js?body=1" for ::1 at 2017-10-29 13:29:59 -0700


Started GET "/assets/application.self-21ef7e6c9ab167fc6a93a49d0e74699c43117e2e65efbfda5f128cd3c7c490c2.css?body=1" for ::1 at 2017-10-29 13:29:59 -0700


Started GET "/assets/jquery.self-bd7ddd393353a8d2480a622e80342adf488fb6006d667e8b42e4c0073393abee.js?body=1" for ::1 at 2017-10-29 13:29:59 -0700


Started GET "/assets/turbolinks.self-1d1fddf91adc38ac2045c51f0a3e05ca97d07d24d15a4dcbf705009106489e69.js?body=1" for ::1 at 2017-10-29 13:29:59 -0700


Started GET "/assets/users.self-877aef30ae1b040ab8a3aba4e3e309a11d7f2612f44dde450b5c157aa5f95c05.js?body=1" for ::1 at 2017-10-29 13:29:59 -0700


Started GET "/assets/application.self-3b8dabdc891efe46b9a144b400ad69e37d7e5876bdc39dee783419a69d7ca819.js?body=1" for ::1 at 2017-10-29 13:29:59 -0700


Started GET "/users/new" for ::1 at 2017-10-29 13:30:00 -0700
Processing by UsersController#new as HTML
  Rendered users/_form.html.erb (2.0ms)
  Rendered users/new.html.erb within layouts/application (3.0ms)
Completed 200 OK in 23ms (Views: 16.5ms | ActiveRecord: 1.5ms)


Started POST "/users" for ::1 at 2017-10-29 13:30:07 -0700
Processing by UsersController#create as HTML
  Parameters: {"utf8"=>"✓", "authenticity_token"=>"2CYa08xEkbEbp+5N04iKc+z1OaPJ8jGfd4YhgMf4S/7bKsjwzcqOT/LQcHVsBF8ZLcEyfNKoi4yAtl7sUOK1dQ==", "user"=>{"username"=>"meep", "email"=>"meep@moop.ca", "password"=>"[FILTERED]", "password_confirmation"=>"[FILTERED]"}, "commit"=>"Create User"}
Unpermitted parameter: password_confirmation
  [1m[36m (0.1ms)[0m  [1mBEGIN[0m
  [1m[35mUser Exists (0.4ms)[0m  SELECT  1 AS one FROM "users" WHERE "users"."username" = 'meep' LIMIT 1
  [1m[36mUser Exists (0.3ms)[0m  [1mSELECT  1 AS one FROM "users" WHERE "users"."email" = 'meep@moop.ca' LIMIT 1[0m
  [1m[35mUser Exists (0.2ms)[0m  SELECT  1 AS one FROM "users" WHERE LOWER("users"."email") = LOWER('meep@moop.ca') LIMIT 1
  [1m[36m (0.1ms)[0m  [1mROLLBACK[0m
  Rendered users/_form.html.erb (2.1ms)
  Rendered users/new.html.erb within layouts/application (3.0ms)
Completed 200 OK in 86ms (Views: 12.7ms | ActiveRecord: 1.1ms)


Started GET "/" for ::1 at 2017-10-29 13:35:06 -0700
Processing by DummyController#home as HTML
Redirected to http://localhost:3000/login
Filter chain halted as :ensure_login rendered or redirected
Completed 302 Found in 1ms (ActiveRecord: 0.0ms)


Started GET "/login" for ::1 at 2017-10-29 13:35:06 -0700
Processing by SessionsController#new as HTML
  Rendered sessions/new.html.erb within layouts/application (5.2ms)
Completed 200 OK in 20ms (Views: 19.3ms | ActiveRecord: 0.0ms)


Started GET "/users/new" for ::1 at 2017-10-29 13:35:08 -0700
Processing by UsersController#new as HTML
  Rendered users/_form.html.erb (1.8ms)
  Rendered users/new.html.erb within layouts/application (2.8ms)
Completed 200 OK in 32ms (Views: 24.5ms | ActiveRecord: 1.5ms)


Started POST "/users" for ::1 at 2017-10-29 13:35:17 -0700
Processing by UsersController#create as HTML
  Parameters: {"utf8"=>"✓", "authenticity_token"=>"Exsbi9uPHjjlauYyNkQSrtfWoa3lDtwyRmzknzWHTwUQF8mo2gEBxgwdeAqJyMfEFuKqcv5UZiGxXJvzop2xjg==", "user"=>{"username"=>"doop", "email"=>"dope@doop.ca", "password"=>"[FILTERED]", "password_confirmation"=>"[FILTERED]"}, "commit"=>"Create User"}
Unpermitted parameter: password_confirmation
  [1m[35m (0.2ms)[0m  BEGIN
  [1m[36mUser Exists (0.2ms)[0m  [1mSELECT  1 AS one FROM "users" WHERE "users"."username" = 'doop' LIMIT 1[0m
  [1m[35mUser Exists (0.1ms)[0m  SELECT  1 AS one FROM "users" WHERE "users"."email" = 'dope@doop.ca' LIMIT 1
  [1m[36mUser Exists (0.2ms)[0m  [1mSELECT  1 AS one FROM "users" WHERE LOWER("users"."email") = LOWER('dope@doop.ca') LIMIT 1[0m
  [1m[35m (0.1ms)[0m  ROLLBACK
  Rendered users/_form.html.erb (1.6ms)
  Rendered users/new.html.erb within layouts/application (2.5ms)
Completed 200 OK in 82ms (Views: 12.5ms | ActiveRecord: 0.9ms)


Started POST "/users" for ::1 at 2017-10-29 13:35:24 -0700
Processing by UsersController#create as HTML
  Parameters: {"utf8"=>"✓", "authenticity_token"=>"sL+29nJvkkHyG3RJ2eFkiaavzV4xpIt7XFg49Lyp7p2zs2TVc+GNvxts6nFmbbHjZ5vGgSr+MWiraEeYK7MQFg==", "user"=>{"username"=>"doop", "email"=>"dope@doop.ca", "password"=>"[FILTERED]", "password_confirmation"=>"[FILTERED]"}, "commit"=>"Create User"}
Unpermitted parameter: password_confirmation
  [1m[36m (0.2ms)[0m  [1mBEGIN[0m
  [1m[35mUser Exists (0.2ms)[0m  SELECT  1 AS one FROM "users" WHERE "users"."username" = 'doop' LIMIT 1
  [1m[36mUser Exists (0.2ms)[0m  [1mSELECT  1 AS one FROM "users" WHERE "users"."email" = 'dope@doop.ca' LIMIT 1[0m
  [1m[35mUser Exists (0.2ms)[0m  SELECT  1 AS one FROM "users" WHERE LOWER("users"."email") = LOWER('dope@doop.ca') LIMIT 1
  [1m[36m (0.1ms)[0m  [1mROLLBACK[0m
  Rendered users/_form.html.erb (1.6ms)
  Rendered users/new.html.erb within layouts/application (2.4ms)
Completed 200 OK in 85ms (Views: 12.9ms | ActiveRecord: 0.9ms)
